999999 999999 259
1 999999 525
1 1 1
6464 292209 443
528317 981979 525
820069 173405 509
264537 672792 509
166280 138719 383
767610 748749 424
612345 664824 509
789510 115322 509
863004 620113 525
496250 443942 444
194663 864761 525
315375 732564 509
462836 908027 525
780746 270222 509
336512 227290 443
422834 886707 525
463982 617011 470
567982 365281 470
171276 17270 383
56611 979731 525
581042 259311 470
584209 592566 403
396037 269070 441
779644 730100 468
874250 987030 507
71955 877518 525
817682 463043 509
200768 542239 470
293637 61067 443
122117 340196 443
601790 735119 509
513602 479369 470
790227 333800 509
609919 230699 470
207877 611164 470
352850 484890 449
833113 632523 504
910310 634540 525
382715 193667 443
842983 532839 525
4757 295973 443
365614 311182 441
128887 850814 525
243789 411708 449
802118 483875 509
524176 592482 452
16324 135351 354
477517 841547 525
150445 787630 509
507308 284407 449
345766 825875 509
588610 178082 470
147341 625782 470
153687 295554 443
867014 666722 525
576647 61198 470
733353 101664 509
68368 15039 340
583621 804355 509
785845 151753 509
285796 618458 470
422462 372431 449
174652 398288 443
819940 798923 450
647375 351867 509
78109 638800 509
430969 805937 509
619718 766972 509
160800 230246 386
615734 535471 452
237457 412153 449
296181 232084 407
421942 343727 449
977841 632067 525
402157 157277 443
849090 160978 525
551451 573389 421
723249 741073 424
98935 277515 443
754094 737388 424
658643 223025 509
145462 143906 326
279973 702778 509
659850 396260 509
117156 837615 509
694576 324373 509
603995 684108 509
684048 871827 525
571270 89609 470
727241 914655 525
879783 964614 507
523745 778717 509
85861 521764 470
329642 164854 443
923858 939402 476
261410 931804 525
949694 126556 525
347032 805972 509
520999 794751 509
977557 108963 525
912191 476954 525
911475 846150 476
950336 898083 507
705138 368238 509
349484 469957 449
836353 773193 468
141349 797382 509
915022 141240 525
92565 730016 509
219484 6656 386
991300 317048 525
2756 945608 525
995402 105678 525
858596 503417 525
760413 912208 525
465481 417791 444
657699 172313 509
407225 975639 525
66223 115776 354
257927 7197 443
381904 588787 470
769527 843046 525
213979 522071 470
552755 982866 525
899365 676044 525
268712 17736 443
377838 708181 509
531933 903782 525
484320 568912 470
410866 853306 525
774990 169083 509
126691 809263 509
207525 341618 443
647070 832560 504
663164 274219 509
889906 851029 445
892281 322592 525
997243 265315 525
491080 741375 509
602208 13346 470
179082 358317 443
123919 467772 449
732970 548515 509
190093 804648 509
934007 609453 525
906200 323094 525
516177 401477 470
49912 769375 509
931701 729505 525
989850 640481 525
789620 926418 525
11944 457160 449
176136 269538 443
190517 522187 470
104200 657807 509
91125 749331 509
679035 485492 509
590910 474309 470
735795 605717 509
531617 253359 470
623469 889046 525
539555 869646 525
566728 34114 470
895422 527119 525
596291 441106 470
685660 811966 504
68651 342184 443
828388 814826 450
507252 91532 449
234152 743361 509
325772 98634 443
490128 954431 525
102629 205867 383
530001 745997 509
328018 799310 509
123066 376291 443
969909 231079 525
989809 116713 525
290632 275542 389
675315 308696 509
985350 476765 525
511864 228086 449
421630 232277 449
20668 984996 525
863489 815489 525
754124 458731 509
985806 404230 525
60287 795631 509
450722 452082 338
740376 94397 509
105591 16224 351
